<?xml version="1.0" encoding="UTF-8"?>
<!-- Generated by org.testng.reporters.JUnitXMLReporter -->
<testsuite ignored="0" hostname="LAPTOP-07CLOJTI" failures="1" tests="1" name="Test" time="59.807" errors="0" timestamp="2022-03-03T18:23:11 IST">
  <testcase classname="com.crm.OraganizationTest.CreateOrganizationTest" name="createOrganizationTest" time="29.079">
    <failure type="java.lang.AssertionError" message="null">
      <![CDATA[java.lang.AssertionError: null
at com.crm.OraganizationTest.CreateOrganizationTest.createOrganizationTest(CreateOrganizationTest.java:25)
at java.base/java.util.ArrayList.forEach(ArrayList.java:1511)
... Removed 29 stack frames]]>
    </failure>
  </testcase> <!-- createOrganizationTest -->
</testsuite> <!-- Test -->
